[2024-04-12T11:38:33.611+0000] {local_task_job_runner.py:120} INFO - ::group::Pre task execution logs
[2024-04-12T11:38:33.635+0000] {taskinstance.py:2073} INFO - Dependencies all met for dep_context=non-requeueable deps ti=<TaskInstance: dag_project_v2.postgres_to_s3 scheduled__2024-04-06T00:00:00+00:00 [queued]>
[2024-04-12T11:38:33.655+0000] {taskinstance.py:2073} INFO - Dependencies all met for dep_context=requeueable deps ti=<TaskInstance: dag_project_v2.postgres_to_s3 scheduled__2024-04-06T00:00:00+00:00 [queued]>
[2024-04-12T11:38:33.662+0000] {taskinstance.py:2303} INFO - Starting attempt 1 of 6
[2024-04-12T11:38:33.682+0000] {taskinstance.py:2327} INFO - Executing <Task(PythonOperator): postgres_to_s3> on 2024-04-06 00:00:00+00:00
[2024-04-12T11:38:33.700+0000] {logging_mixin.py:188} WARNING - /home/airflow/.local/lib/python3.12/site-packages/airflow/task/task_runner/standard_task_runner.py:61 DeprecationWarning: This process (pid=1854) is multi-threaded, use of fork() may lead to deadlocks in the child.
[2024-04-12T11:38:33.703+0000] {standard_task_runner.py:63} INFO - Started process 1866 to run task
[2024-04-12T11:38:33.702+0000] {standard_task_runner.py:90} INFO - Running: ['airflow', 'tasks', 'run', 'dag_project_v2', 'postgres_to_s3', 'scheduled__2024-04-06T00:00:00+00:00', '--job-id', '178', '--raw', '--subdir', 'DAGS_FOLDER/dag_project_1.py', '--cfg-path', '/tmp/tmpv2ou9syg']
[2024-04-12T11:38:33.706+0000] {standard_task_runner.py:91} INFO - Job 178: Subtask postgres_to_s3
[2024-04-12T11:38:33.820+0000] {task_command.py:426} INFO - Running <TaskInstance: dag_project_v2.postgres_to_s3 scheduled__2024-04-06T00:00:00+00:00 [running]> on host c2a9f453f2e0
[2024-04-12T11:38:34.005+0000] {taskinstance.py:2644} INFO - Exporting env vars: AIRFLOW_CTX_DAG_OWNER='coder2j' AIRFLOW_CTX_DAG_ID='dag_project_v2' AIRFLOW_CTX_TASK_ID='postgres_to_s3' AIRFLOW_CTX_EXECUTION_DATE='2024-04-06T00:00:00+00:00' AIRFLOW_CTX_TRY_NUMBER='1' AIRFLOW_CTX_DAG_RUN_ID='scheduled__2024-04-06T00:00:00+00:00'
[2024-04-12T11:38:34.006+0000] {taskinstance.py:430} INFO - ::endgroup::
[2024-04-12T11:38:34.035+0000] {logging_mixin.py:188} WARNING - /home/airflow/.local/lib/python3.12/site-packages/airflow/utils/context.py:212 AirflowContextDeprecationWarning: Accessing 'next_ds_nodash' from the template is deprecated and will be removed in a future version. Please use '{{ data_interval_end | ds_nodash }}' instead.
[2024-04-12T11:38:34.053+0000] {base.py:84} INFO - Using connection ID 'postgres_conn' for task execution.
[2024-04-12T11:38:34.090+0000] {dag_project_1.py:34} INFO - Saved new born baby data in text file: %s
[2024-04-12T11:38:34.108+0000] {base.py:84} INFO - Using connection ID 'minio_conn' for task execution.
[2024-04-12T11:38:34.109+0000] {connection_wrapper.py:384} INFO - AWS Connection (conn_id='minio_conn', conn_type='aws') credentials retrieved from login and password.
[2024-04-12T11:38:34.112+0000] {logging_mixin.py:188} WARNING - <string>:9 AirflowProviderDeprecationWarning: extra['host'] is deprecated and will be removed in a future release. Please set extra['endpoint_url'] instead
[2024-04-12T11:38:34.799+0000] {dag_project_1.py:43} INFO - New born baby file /tmp/tmpn51sqj4920240406 has been pushed to S3!
[2024-04-12T11:38:34.801+0000] {python.py:237} INFO - Done. Returned value was: None
[2024-04-12T11:38:34.802+0000] {taskinstance.py:441} INFO - ::group::Post task execution logs
[2024-04-12T11:38:34.818+0000] {taskinstance.py:1205} INFO - Marking task as SUCCESS. dag_id=dag_project_v2, task_id=postgres_to_s3, execution_date=20240406T000000, start_date=20240412T113833, end_date=20240412T113834
[2024-04-12T11:38:34.846+0000] {local_task_job_runner.py:240} INFO - Task exited with return code 0
[2024-04-12T11:38:34.870+0000] {taskinstance.py:3482} INFO - 0 downstream tasks scheduled from follow-on schedule check
[2024-04-12T11:38:34.874+0000] {local_task_job_runner.py:222} INFO - ::endgroup::
