[2024-04-12T11:42:04.214+0000] {local_task_job_runner.py:120} INFO - ::group::Pre task execution logs
[2024-04-12T11:42:04.242+0000] {taskinstance.py:2073} INFO - Dependencies all met for dep_context=non-requeueable deps ti=<TaskInstance: dag_project_v3.postgres_to_s3 scheduled__2024-04-04T00:00:00+00:00 [queued]>
[2024-04-12T11:42:04.256+0000] {taskinstance.py:2073} INFO - Dependencies all met for dep_context=requeueable deps ti=<TaskInstance: dag_project_v3.postgres_to_s3 scheduled__2024-04-04T00:00:00+00:00 [queued]>
[2024-04-12T11:42:04.258+0000] {taskinstance.py:2303} INFO - Starting attempt 1 of 6
[2024-04-12T11:42:04.276+0000] {taskinstance.py:2327} INFO - Executing <Task(PythonOperator): postgres_to_s3> on 2024-04-04 00:00:00+00:00
[2024-04-12T11:42:04.284+0000] {logging_mixin.py:188} WARNING - /home/airflow/.local/lib/python3.12/site-packages/airflow/task/task_runner/standard_task_runner.py:61 DeprecationWarning: This process (pid=1981) is multi-threaded, use of fork() may lead to deadlocks in the child.
[2024-04-12T11:42:04.284+0000] {standard_task_runner.py:90} INFO - Running: ['airflow', 'tasks', 'run', 'dag_project_v3', 'postgres_to_s3', 'scheduled__2024-04-04T00:00:00+00:00', '--job-id', '184', '--raw', '--subdir', 'DAGS_FOLDER/dag_project_1.py', '--cfg-path', '/tmp/tmpyg04g13r']
[2024-04-12T11:42:04.288+0000] {standard_task_runner.py:63} INFO - Started process 1990 to run task
[2024-04-12T11:42:04.289+0000] {standard_task_runner.py:91} INFO - Job 184: Subtask postgres_to_s3
[2024-04-12T11:42:04.412+0000] {task_command.py:426} INFO - Running <TaskInstance: dag_project_v3.postgres_to_s3 scheduled__2024-04-04T00:00:00+00:00 [running]> on host c2a9f453f2e0
[2024-04-12T11:42:04.601+0000] {taskinstance.py:2644} INFO - Exporting env vars: AIRFLOW_CTX_DAG_OWNER='coder2j' AIRFLOW_CTX_DAG_ID='dag_project_v3' AIRFLOW_CTX_TASK_ID='postgres_to_s3' AIRFLOW_CTX_EXECUTION_DATE='2024-04-04T00:00:00+00:00' AIRFLOW_CTX_TRY_NUMBER='1' AIRFLOW_CTX_DAG_RUN_ID='scheduled__2024-04-04T00:00:00+00:00'
[2024-04-12T11:42:04.603+0000] {taskinstance.py:430} INFO - ::endgroup::
[2024-04-12T11:42:04.629+0000] {logging_mixin.py:188} WARNING - /home/airflow/.local/lib/python3.12/site-packages/airflow/utils/context.py:212 AirflowContextDeprecationWarning: Accessing 'next_ds_nodash' from the template is deprecated and will be removed in a future version. Please use '{{ data_interval_end | ds_nodash }}' instead.
[2024-04-12T11:42:04.651+0000] {base.py:84} INFO - Using connection ID 'postgres_conn' for task execution.
[2024-04-12T11:42:04.738+0000] {dag_project_1.py:34} INFO - Saved new born baby data in text file: %s
[2024-04-12T11:42:04.753+0000] {base.py:84} INFO - Using connection ID 'minio_conn' for task execution.
[2024-04-12T11:42:04.755+0000] {connection_wrapper.py:384} INFO - AWS Connection (conn_id='minio_conn', conn_type='aws') credentials retrieved from login and password.
[2024-04-12T11:42:04.758+0000] {logging_mixin.py:188} WARNING - <string>:9 AirflowProviderDeprecationWarning: extra['host'] is deprecated and will be removed in a future release. Please set extra['endpoint_url'] instead
[2024-04-12T11:42:05.498+0000] {dag_project_1.py:43} INFO - New born baby file /tmp/tmpua1i6cu520240404 has been pushed to S3!
[2024-04-12T11:42:05.500+0000] {python.py:237} INFO - Done. Returned value was: None
[2024-04-12T11:42:05.501+0000] {taskinstance.py:441} INFO - ::group::Post task execution logs
[2024-04-12T11:42:05.518+0000] {taskinstance.py:1205} INFO - Marking task as SUCCESS. dag_id=dag_project_v3, task_id=postgres_to_s3, execution_date=20240404T000000, start_date=20240412T114204, end_date=20240412T114205
[2024-04-12T11:42:05.555+0000] {local_task_job_runner.py:240} INFO - Task exited with return code 0
[2024-04-12T11:42:05.577+0000] {taskinstance.py:3482} INFO - 0 downstream tasks scheduled from follow-on schedule check
[2024-04-12T11:42:05.581+0000] {local_task_job_runner.py:222} INFO - ::endgroup::
