[2024-04-12T10:48:53.572+0000] {local_task_job_runner.py:120} INFO - ::group::Pre task execution logs
[2024-04-12T10:48:53.592+0000] {taskinstance.py:2073} INFO - Dependencies all met for dep_context=non-requeueable deps ti=<TaskInstance: dag_project_0001.postgres_to_s3 scheduled__2024-04-04T00:00:00+00:00 [queued]>
[2024-04-12T10:48:53.601+0000] {taskinstance.py:2073} INFO - Dependencies all met for dep_context=requeueable deps ti=<TaskInstance: dag_project_0001.postgres_to_s3 scheduled__2024-04-04T00:00:00+00:00 [queued]>
[2024-04-12T10:48:53.602+0000] {taskinstance.py:2303} INFO - Starting attempt 1 of 6
[2024-04-12T10:48:53.619+0000] {taskinstance.py:2327} INFO - Executing <Task(PythonOperator): postgres_to_s3> on 2024-04-04 00:00:00+00:00
[2024-04-12T10:48:53.626+0000] {logging_mixin.py:188} WARNING - /home/airflow/.local/lib/python3.12/site-packages/airflow/task/task_runner/standard_task_runner.py:61 DeprecationWarning: This process (pid=1197) is multi-threaded, use of fork() may lead to deadlocks in the child.
[2024-04-12T10:48:53.625+0000] {standard_task_runner.py:90} INFO - Running: ['airflow', 'tasks', 'run', 'dag_project_0001', 'postgres_to_s3', 'scheduled__2024-04-04T00:00:00+00:00', '--job-id', '150', '--raw', '--subdir', 'DAGS_FOLDER/dag_project_1.py', '--cfg-path', '/tmp/tmp0hpog1fk']
[2024-04-12T10:48:53.627+0000] {standard_task_runner.py:63} INFO - Started process 1204 to run task
[2024-04-12T10:48:53.627+0000] {standard_task_runner.py:91} INFO - Job 150: Subtask postgres_to_s3
[2024-04-12T10:48:53.686+0000] {task_command.py:426} INFO - Running <TaskInstance: dag_project_0001.postgres_to_s3 scheduled__2024-04-04T00:00:00+00:00 [running]> on host c2a9f453f2e0
[2024-04-12T10:48:53.814+0000] {taskinstance.py:2644} INFO - Exporting env vars: AIRFLOW_CTX_DAG_OWNER='coder2j' AIRFLOW_CTX_DAG_ID='dag_project_0001' AIRFLOW_CTX_TASK_ID='postgres_to_s3' AIRFLOW_CTX_EXECUTION_DATE='2024-04-04T00:00:00+00:00' AIRFLOW_CTX_TRY_NUMBER='1' AIRFLOW_CTX_DAG_RUN_ID='scheduled__2024-04-04T00:00:00+00:00'
[2024-04-12T10:48:53.815+0000] {taskinstance.py:430} INFO - ::endgroup::
[2024-04-12T10:48:53.836+0000] {logging_mixin.py:188} WARNING - /home/airflow/.local/lib/python3.12/site-packages/airflow/utils/context.py:212 AirflowContextDeprecationWarning: Accessing 'next_ds_nodash' from the template is deprecated and will be removed in a future version. Please use '{{ data_interval_end | ds_nodash }}' instead.
[2024-04-12T10:48:53.849+0000] {base.py:84} INFO - Using connection ID 'postgres_conn' for task execution.
[2024-04-12T10:48:53.880+0000] {dag_project_1.py:34} INFO - Saved orders data in text file: dags/get_orders_20240404.txt
[2024-04-12T10:48:53.891+0000] {base.py:84} INFO - Using connection ID 'minio_conn' for task execution.
[2024-04-12T10:48:53.893+0000] {connection_wrapper.py:384} INFO - AWS Connection (conn_id='minio_conn', conn_type='aws') credentials retrieved from login and password.
[2024-04-12T10:48:53.895+0000] {logging_mixin.py:188} WARNING - <string>:9 AirflowProviderDeprecationWarning: extra['host'] is deprecated and will be removed in a future release. Please set extra['endpoint_url'] instead
[2024-04-12T10:48:54.511+0000] {dag_project_1.py:43} INFO - Orders file /tmp/tmp2u7047es20240404 has been pushed to S3!
[2024-04-12T10:48:54.513+0000] {python.py:237} INFO - Done. Returned value was: None
[2024-04-12T10:48:54.516+0000] {taskinstance.py:441} INFO - ::group::Post task execution logs
[2024-04-12T10:48:54.539+0000] {taskinstance.py:1205} INFO - Marking task as SUCCESS. dag_id=dag_project_0001, task_id=postgres_to_s3, execution_date=20240404T000000, start_date=20240412T104853, end_date=20240412T104854
[2024-04-12T10:48:54.608+0000] {local_task_job_runner.py:240} INFO - Task exited with return code 0
[2024-04-12T10:48:54.632+0000] {taskinstance.py:3482} INFO - 0 downstream tasks scheduled from follow-on schedule check
[2024-04-12T10:48:54.637+0000] {local_task_job_runner.py:222} INFO - ::endgroup::
