[2024-04-12T11:42:05.474+0000] {local_task_job_runner.py:120} INFO - ::group::Pre task execution logs
[2024-04-12T11:42:05.505+0000] {taskinstance.py:2073} INFO - Dependencies all met for dep_context=non-requeueable deps ti=<TaskInstance: dag_project_v3.postgres_to_s3 manual__2024-04-12T11:42:04.226031+00:00 [queued]>
[2024-04-12T11:42:05.520+0000] {taskinstance.py:2073} INFO - Dependencies all met for dep_context=requeueable deps ti=<TaskInstance: dag_project_v3.postgres_to_s3 manual__2024-04-12T11:42:04.226031+00:00 [queued]>
[2024-04-12T11:42:05.521+0000] {taskinstance.py:2303} INFO - Starting attempt 1 of 6
[2024-04-12T11:42:05.543+0000] {taskinstance.py:2327} INFO - Executing <Task(PythonOperator): postgres_to_s3> on 2024-04-12 11:42:04.226031+00:00
[2024-04-12T11:42:05.552+0000] {logging_mixin.py:188} WARNING - /home/airflow/.local/lib/python3.12/site-packages/airflow/task/task_runner/standard_task_runner.py:61 DeprecationWarning: This process (pid=1999) is multi-threaded, use of fork() may lead to deadlocks in the child.
[2024-04-12T11:42:05.551+0000] {standard_task_runner.py:90} INFO - Running: ['airflow', 'tasks', 'run', 'dag_project_v3', 'postgres_to_s3', 'manual__2024-04-12T11:42:04.226031+00:00', '--job-id', '194', '--raw', '--subdir', 'DAGS_FOLDER/dag_project_1.py', '--cfg-path', '/tmp/tmpy43zoxcs']
[2024-04-12T11:42:05.553+0000] {standard_task_runner.py:63} INFO - Started process 2009 to run task
[2024-04-12T11:42:05.554+0000] {standard_task_runner.py:91} INFO - Job 194: Subtask postgres_to_s3
[2024-04-12T11:42:05.632+0000] {task_command.py:426} INFO - Running <TaskInstance: dag_project_v3.postgres_to_s3 manual__2024-04-12T11:42:04.226031+00:00 [running]> on host c2a9f453f2e0
[2024-04-12T11:42:05.764+0000] {taskinstance.py:2644} INFO - Exporting env vars: AIRFLOW_CTX_DAG_OWNER='coder2j' AIRFLOW_CTX_DAG_ID='dag_project_v3' AIRFLOW_CTX_TASK_ID='postgres_to_s3' AIRFLOW_CTX_EXECUTION_DATE='2024-04-12T11:42:04.226031+00:00' AIRFLOW_CTX_TRY_NUMBER='1' AIRFLOW_CTX_DAG_RUN_ID='manual__2024-04-12T11:42:04.226031+00:00'
[2024-04-12T11:42:05.765+0000] {taskinstance.py:430} INFO - ::endgroup::
[2024-04-12T11:42:05.782+0000] {logging_mixin.py:188} WARNING - /home/airflow/.local/lib/python3.12/site-packages/airflow/utils/context.py:212 AirflowContextDeprecationWarning: Accessing 'next_ds_nodash' from the template is deprecated and will be removed in a future version. Please use '{{ data_interval_end | ds_nodash }}' instead.
[2024-04-12T11:42:05.793+0000] {base.py:84} INFO - Using connection ID 'postgres_conn' for task execution.
[2024-04-12T11:42:05.830+0000] {dag_project_1.py:34} INFO - Saved new born baby data in text file: %s
[2024-04-12T11:42:05.840+0000] {base.py:84} INFO - Using connection ID 'minio_conn' for task execution.
[2024-04-12T11:42:05.841+0000] {connection_wrapper.py:384} INFO - AWS Connection (conn_id='minio_conn', conn_type='aws') credentials retrieved from login and password.
[2024-04-12T11:42:05.842+0000] {logging_mixin.py:188} WARNING - <string>:9 AirflowProviderDeprecationWarning: extra['host'] is deprecated and will be removed in a future release. Please set extra['endpoint_url'] instead
[2024-04-12T11:42:06.404+0000] {dag_project_1.py:43} INFO - New born baby file /tmp/tmpwf4wkt0b20240412 has been pushed to S3!
[2024-04-12T11:42:06.406+0000] {python.py:237} INFO - Done. Returned value was: None
[2024-04-12T11:42:06.406+0000] {taskinstance.py:441} INFO - ::group::Post task execution logs
[2024-04-12T11:42:06.416+0000] {taskinstance.py:1205} INFO - Marking task as SUCCESS. dag_id=dag_project_v3, task_id=postgres_to_s3, execution_date=20240412T114204, start_date=20240412T114205, end_date=20240412T114206
[2024-04-12T11:42:06.452+0000] {local_task_job_runner.py:240} INFO - Task exited with return code 0
[2024-04-12T11:42:06.468+0000] {taskinstance.py:3482} INFO - 0 downstream tasks scheduled from follow-on schedule check
[2024-04-12T11:42:06.472+0000] {local_task_job_runner.py:222} INFO - ::endgroup::
