[2024-04-12T09:40:21.206+0000] {manager.py:470} INFO - Processing files using up to 2 processes at a time 
[2024-04-12T09:40:21.208+0000] {manager.py:471} INFO - Process each file at most once every 30 seconds
[2024-04-12T09:40:21.210+0000] {manager.py:472} INFO - Checking for new files in /opt/airflow/dags every 300 seconds
[2024-04-12T09:40:21.212+0000] {manager.py:737} INFO - Searching for files in /opt/airflow/dags
[2024-04-12T09:40:21.219+0000] {manager.py:740} INFO - There are 0 files in /opt/airflow/dags
[2024-04-12T09:41:31.611+0000] {manager.py:452} INFO - Exiting gracefully upon receiving signal 15
[2024-04-12T09:42:15.042+0000] {manager.py:470} INFO - Processing files using up to 2 processes at a time 
[2024-04-12T09:42:15.045+0000] {manager.py:471} INFO - Process each file at most once every 30 seconds
[2024-04-12T09:42:15.053+0000] {manager.py:472} INFO - Checking for new files in /opt/airflow/dags every 300 seconds
[2024-04-12T09:42:15.057+0000] {manager.py:737} INFO - Searching for files in /opt/airflow/dags
[2024-04-12T09:42:15.066+0000] {manager.py:740} INFO - There are 0 files in /opt/airflow/dags
[2024-04-12T09:44:19.145+0000] {manager.py:452} INFO - Exiting gracefully upon receiving signal 15
[2024-04-12T09:45:07.761+0000] {manager.py:470} INFO - Processing files using up to 2 processes at a time 
[2024-04-12T09:45:07.763+0000] {manager.py:471} INFO - Process each file at most once every 30 seconds
[2024-04-12T09:45:07.765+0000] {manager.py:472} INFO - Checking for new files in /opt/airflow/dags every 300 seconds
[2024-04-12T09:45:07.767+0000] {manager.py:737} INFO - Searching for files in /opt/airflow/dags
[2024-04-12T09:45:07.774+0000] {manager.py:740} INFO - There are 0 files in /opt/airflow/dags
[2024-04-12T09:46:07.729+0000] {manager.py:452} INFO - Exiting gracefully upon receiving signal 15
[2024-04-12T09:46:48.396+0000] {manager.py:470} INFO - Processing files using up to 2 processes at a time 
[2024-04-12T09:46:48.398+0000] {manager.py:471} INFO - Process each file at most once every 30 seconds
[2024-04-12T09:46:48.400+0000] {manager.py:472} INFO - Checking for new files in /opt/airflow/dags every 300 seconds
[2024-04-12T09:46:48.403+0000] {manager.py:737} INFO - Searching for files in /opt/airflow/dags
[2024-04-12T09:46:48.412+0000] {manager.py:740} INFO - There are 0 files in /opt/airflow/dags
[2024-04-12T09:48:36.176+0000] {manager.py:452} INFO - Exiting gracefully upon receiving signal 15
[2024-04-12T09:49:29.985+0000] {manager.py:470} INFO - Processing files using up to 2 processes at a time 
[2024-04-12T09:49:29.989+0000] {manager.py:471} INFO - Process each file at most once every 30 seconds
[2024-04-12T09:49:29.993+0000] {manager.py:472} INFO - Checking for new files in /opt/airflow/dags every 300 seconds
[2024-04-12T09:49:29.995+0000] {manager.py:737} INFO - Searching for files in /opt/airflow/dags
[2024-04-12T09:49:30.002+0000] {manager.py:740} INFO - There are 0 files in /opt/airflow/dags
[2024-04-12T09:54:30.605+0000] {manager.py:737} INFO - Searching for files in /opt/airflow/dags
[2024-04-12T09:54:30.617+0000] {manager.py:740} INFO - There are 0 files in /opt/airflow/dags
[2024-04-12T09:59:31.286+0000] {manager.py:737} INFO - Searching for files in /opt/airflow/dags
[2024-04-12T09:59:31.301+0000] {manager.py:740} INFO - There are 0 files in /opt/airflow/dags
[2024-04-12T10:04:32.038+0000] {manager.py:737} INFO - Searching for files in /opt/airflow/dags
[2024-04-12T10:04:32.053+0000] {manager.py:740} INFO - There are 0 files in /opt/airflow/dags
[2024-04-12T10:09:32.616+0000] {manager.py:737} INFO - Searching for files in /opt/airflow/dags
[2024-04-12T10:09:32.628+0000] {manager.py:740} INFO - There are 0 files in /opt/airflow/dags
[2024-04-12T10:14:33.256+0000] {manager.py:737} INFO - Searching for files in /opt/airflow/dags
[2024-04-12T10:14:33.271+0000] {manager.py:740} INFO - There are 0 files in /opt/airflow/dags
[2024-04-12T10:19:33.785+0000] {manager.py:737} INFO - Searching for files in /opt/airflow/dags
[2024-04-12T10:19:33.808+0000] {manager.py:740} INFO - There are 0 files in /opt/airflow/dags
[2024-04-12T10:24:34.416+0000] {manager.py:737} INFO - Searching for files in /opt/airflow/dags
[2024-04-12T10:24:34.426+0000] {manager.py:740} INFO - There are 0 files in /opt/airflow/dags
[2024-04-12T10:29:34.953+0000] {manager.py:737} INFO - Searching for files in /opt/airflow/dags
[2024-04-12T10:29:34.972+0000] {manager.py:740} INFO - There are 1 files in /opt/airflow/dags
[2024-04-12T10:29:42.927+0000] {manager.py:878} INFO - 
================================================================================
DAG File Processing Stats

File Path                           PID    Runtime      # DAGs    # Errors  Last Runtime    Last Run
----------------------------------  -----  ---------  --------  ----------  --------------  -------------------
/opt/airflow/dags/dag_project_1.py                           1           0  0.38s           2024-04-12T10:29:35
================================================================================
[2024-04-12T10:30:13.295+0000] {manager.py:878} INFO - 
================================================================================
DAG File Processing Stats

File Path                           PID    Runtime      # DAGs    # Errors  Last Runtime    Last Run
----------------------------------  -----  ---------  --------  ----------  --------------  -------------------
/opt/airflow/dags/dag_project_1.py                           1           0  0.22s           2024-04-12T10:30:06
================================================================================
[2024-04-12T10:30:43.672+0000] {manager.py:878} INFO - 
================================================================================
DAG File Processing Stats

File Path                           PID    Runtime      # DAGs    # Errors  Last Runtime    Last Run
----------------------------------  -----  ---------  --------  ----------  --------------  -------------------
/opt/airflow/dags/dag_project_1.py                           1           0  0.14s           2024-04-12T10:30:36
================================================================================
[2024-04-12T10:31:14.174+0000] {manager.py:878} INFO - 
================================================================================
DAG File Processing Stats

File Path                           PID    Runtime      # DAGs    # Errors  Last Runtime    Last Run
----------------------------------  -----  ---------  --------  ----------  --------------  -------------------
/opt/airflow/dags/dag_project_1.py                           1           0  0.25s           2024-04-12T10:31:07
================================================================================
[2024-04-12T10:31:44.786+0000] {manager.py:878} INFO - 
================================================================================
DAG File Processing Stats

File Path                           PID    Runtime      # DAGs    # Errors  Last Runtime    Last Run
----------------------------------  -----  ---------  --------  ----------  --------------  -------------------
/opt/airflow/dags/dag_project_1.py                           1           0  0.16s           2024-04-12T10:31:37
================================================================================
[2024-04-12T10:32:14.974+0000] {manager.py:878} INFO - 
================================================================================
DAG File Processing Stats

File Path                           PID    Runtime      # DAGs    # Errors  Last Runtime    Last Run
----------------------------------  -----  ---------  --------  ----------  --------------  -------------------
/opt/airflow/dags/dag_project_1.py                           1           0  0.47s           2024-04-12T10:32:08
================================================================================
[2024-04-12T10:32:44.997+0000] {manager.py:878} INFO - 
================================================================================
DAG File Processing Stats

File Path                           PID    Runtime      # DAGs    # Errors  Last Runtime    Last Run
----------------------------------  -----  ---------  --------  ----------  --------------  -------------------
/opt/airflow/dags/dag_project_1.py                           1           0  0.27s           2024-04-12T10:32:39
================================================================================
[2024-04-12T10:33:15.404+0000] {manager.py:878} INFO - 
================================================================================
DAG File Processing Stats

File Path                           PID    Runtime      # DAGs    # Errors  Last Runtime    Last Run
----------------------------------  -----  ---------  --------  ----------  --------------  -------------------
/opt/airflow/dags/dag_project_1.py                           1           0  0.29s           2024-04-12T10:33:10
================================================================================
[2024-04-12T10:33:45.486+0000] {manager.py:878} INFO - 
================================================================================
DAG File Processing Stats

File Path                           PID    Runtime      # DAGs    # Errors  Last Runtime    Last Run
----------------------------------  -----  ---------  --------  ----------  --------------  -------------------
/opt/airflow/dags/dag_project_1.py                           1           0  0.47s           2024-04-12T10:33:41
================================================================================
[2024-04-12T10:34:15.642+0000] {manager.py:878} INFO - 
================================================================================
DAG File Processing Stats

File Path                           PID    Runtime      # DAGs    # Errors  Last Runtime    Last Run
----------------------------------  -----  ---------  --------  ----------  --------------  -------------------
/opt/airflow/dags/dag_project_1.py                           1           0  0.18s           2024-04-12T10:34:11
================================================================================
[2024-04-12T10:34:35.074+0000] {manager.py:737} INFO - Searching for files in /opt/airflow/dags
[2024-04-12T10:34:35.143+0000] {manager.py:740} INFO - There are 1 files in /opt/airflow/dags
[2024-04-12T10:34:46.363+0000] {manager.py:878} INFO - 
================================================================================
DAG File Processing Stats

File Path                           PID    Runtime      # DAGs    # Errors  Last Runtime    Last Run
----------------------------------  -----  ---------  --------  ----------  --------------  -------------------
/opt/airflow/dags/dag_project_1.py                           1           0  0.31s           2024-04-12T10:34:42
================================================================================
[2024-04-12T10:35:17.083+0000] {manager.py:878} INFO - 
================================================================================
DAG File Processing Stats

File Path                           PID    Runtime      # DAGs    # Errors  Last Runtime    Last Run
----------------------------------  -----  ---------  --------  ----------  --------------  -------------------
/opt/airflow/dags/dag_project_1.py                           1           0  0.34s           2024-04-12T10:35:13
================================================================================
[2024-04-12T10:35:47.724+0000] {manager.py:878} INFO - 
================================================================================
DAG File Processing Stats

File Path                           PID    Runtime      # DAGs    # Errors  Last Runtime    Last Run
----------------------------------  -----  ---------  --------  ----------  --------------  -------------------
/opt/airflow/dags/dag_project_1.py                           1           0  0.24s           2024-04-12T10:35:43
================================================================================
[2024-04-12T10:36:18.376+0000] {manager.py:878} INFO - 
================================================================================
DAG File Processing Stats

File Path                           PID    Runtime      # DAGs    # Errors  Last Runtime    Last Run
----------------------------------  -----  ---------  --------  ----------  --------------  -------------------
/opt/airflow/dags/dag_project_1.py                           1           0  0.51s           2024-04-12T10:36:14
================================================================================
[2024-04-12T10:36:48.748+0000] {manager.py:878} INFO - 
================================================================================
DAG File Processing Stats

File Path                           PID    Runtime      # DAGs    # Errors  Last Runtime    Last Run
----------------------------------  -----  ---------  --------  ----------  --------------  -------------------
/opt/airflow/dags/dag_project_1.py                           1           0  0.32s           2024-04-12T10:36:45
================================================================================
[2024-04-12T10:37:19.362+0000] {manager.py:878} INFO - 
================================================================================
DAG File Processing Stats

File Path                           PID    Runtime      # DAGs    # Errors  Last Runtime    Last Run
----------------------------------  -----  ---------  --------  ----------  --------------  -------------------
/opt/airflow/dags/dag_project_1.py                           1           0  0.18s           2024-04-12T10:37:15
================================================================================
[2024-04-12T10:37:49.967+0000] {manager.py:878} INFO - 
================================================================================
DAG File Processing Stats

File Path                           PID    Runtime      # DAGs    # Errors  Last Runtime    Last Run
----------------------------------  -----  ---------  --------  ----------  --------------  -------------------
/opt/airflow/dags/dag_project_1.py                           1           0  0.19s           2024-04-12T10:37:46
================================================================================
[2024-04-12T10:38:20.595+0000] {manager.py:878} INFO - 
================================================================================
DAG File Processing Stats

File Path                           PID    Runtime      # DAGs    # Errors  Last Runtime    Last Run
----------------------------------  -----  ---------  --------  ----------  --------------  -------------------
/opt/airflow/dags/dag_project_1.py                           1           0  0.26s           2024-04-12T10:38:15
================================================================================
[2024-04-12T10:38:51.205+0000] {manager.py:878} INFO - 
================================================================================
DAG File Processing Stats

File Path                           PID    Runtime      # DAGs    # Errors  Last Runtime    Last Run
----------------------------------  -----  ---------  --------  ----------  --------------  -------------------
/opt/airflow/dags/dag_project_1.py                           1           0  0.33s           2024-04-12T10:38:46
================================================================================
[2024-04-12T10:39:21.671+0000] {manager.py:878} INFO - 
================================================================================
DAG File Processing Stats

File Path                           PID    Runtime      # DAGs    # Errors  Last Runtime    Last Run
----------------------------------  -----  ---------  --------  ----------  --------------  -------------------
/opt/airflow/dags/dag_project_1.py                           1           0  0.13s           2024-04-12T10:39:16
================================================================================
[2024-04-12T10:39:35.869+0000] {manager.py:737} INFO - Searching for files in /opt/airflow/dags
[2024-04-12T10:39:36.149+0000] {manager.py:740} INFO - There are 1 files in /opt/airflow/dags
[2024-04-12T10:39:51.859+0000] {manager.py:878} INFO - 
================================================================================
DAG File Processing Stats

File Path                           PID    Runtime      # DAGs    # Errors  Last Runtime    Last Run
----------------------------------  -----  ---------  --------  ----------  --------------  -------------------
/opt/airflow/dags/dag_project_1.py                           1           0  0.31s           2024-04-12T10:39:47
================================================================================
[2024-04-12T10:40:22.054+0000] {manager.py:878} INFO - 
================================================================================
DAG File Processing Stats

File Path                           PID    Runtime      # DAGs    # Errors  Last Runtime    Last Run
----------------------------------  -----  ---------  --------  ----------  --------------  -------------------
/opt/airflow/dags/dag_project_1.py                           1           0  0.16s           2024-04-12T10:40:18
================================================================================
[2024-04-12T10:40:52.483+0000] {manager.py:878} INFO - 
================================================================================
DAG File Processing Stats

File Path                           PID    Runtime      # DAGs    # Errors  Last Runtime    Last Run
----------------------------------  -----  ---------  --------  ----------  --------------  -------------------
/opt/airflow/dags/dag_project_1.py                           1           0  0.22s           2024-04-12T10:40:48
================================================================================
[2024-04-12T10:41:22.854+0000] {manager.py:878} INFO - 
================================================================================
DAG File Processing Stats

File Path                           PID    Runtime      # DAGs    # Errors  Last Runtime    Last Run
----------------------------------  -----  ---------  --------  ----------  --------------  -------------------
/opt/airflow/dags/dag_project_1.py                           1           0  0.13s           2024-04-12T10:41:18
================================================================================
[2024-04-12T10:41:53.073+0000] {manager.py:878} INFO - 
================================================================================
DAG File Processing Stats

File Path                           PID    Runtime      # DAGs    # Errors  Last Runtime    Last Run
----------------------------------  -----  ---------  --------  ----------  --------------  -------------------
/opt/airflow/dags/dag_project_1.py                           1           0  0.54s           2024-04-12T10:41:49
================================================================================
[2024-04-12T10:42:23.160+0000] {manager.py:878} INFO - 
================================================================================
DAG File Processing Stats

File Path                           PID    Runtime      # DAGs    # Errors  Last Runtime    Last Run
----------------------------------  -----  ---------  --------  ----------  --------------  -------------------
/opt/airflow/dags/dag_project_1.py                           1           0  0.15s           2024-04-12T10:42:20
================================================================================
[2024-04-12T10:42:53.674+0000] {manager.py:878} INFO - 
================================================================================
DAG File Processing Stats

File Path                           PID    Runtime      # DAGs    # Errors  Last Runtime    Last Run
----------------------------------  -----  ---------  --------  ----------  --------------  -------------------
/opt/airflow/dags/dag_project_1.py                           1           0  0.19s           2024-04-12T10:42:50
================================================================================
[2024-04-12T10:43:24.477+0000] {manager.py:878} INFO - 
================================================================================
DAG File Processing Stats

File Path                           PID    Runtime      # DAGs    # Errors  Last Runtime    Last Run
----------------------------------  -----  ---------  --------  ----------  --------------  -------------------
/opt/airflow/dags/dag_project_1.py                           1           0  0.21s           2024-04-12T10:43:19
================================================================================
[2024-04-12T10:43:54.947+0000] {manager.py:878} INFO - 
================================================================================
DAG File Processing Stats

File Path                           PID    Runtime      # DAGs    # Errors  Last Runtime    Last Run
----------------------------------  -----  ---------  --------  ----------  --------------  -------------------
/opt/airflow/dags/dag_project_1.py                           1           0  0.31s           2024-04-12T10:43:50
================================================================================
[2024-04-12T10:44:25.253+0000] {manager.py:878} INFO - 
================================================================================
DAG File Processing Stats

File Path                           PID    Runtime      # DAGs    # Errors  Last Runtime    Last Run
----------------------------------  -----  ---------  --------  ----------  --------------  -------------------
/opt/airflow/dags/dag_project_1.py                           1           0  0.41s           2024-04-12T10:44:06
================================================================================
[2024-04-12T10:44:35.960+0000] {manager.py:737} INFO - Searching for files in /opt/airflow/dags
[2024-04-12T10:44:36.035+0000] {manager.py:740} INFO - There are 1 files in /opt/airflow/dags
[2024-04-12T10:44:55.450+0000] {manager.py:878} INFO - 
================================================================================
DAG File Processing Stats

File Path                           PID    Runtime      # DAGs    # Errors  Last Runtime    Last Run
----------------------------------  -----  ---------  --------  ----------  --------------  -------------------
/opt/airflow/dags/dag_project_1.py                           1           0  0.13s           2024-04-12T10:44:36
================================================================================
[2024-04-12T10:45:25.743+0000] {manager.py:878} INFO - 
================================================================================
DAG File Processing Stats

File Path                           PID    Runtime      # DAGs    # Errors  Last Runtime    Last Run
----------------------------------  -----  ---------  --------  ----------  --------------  -------------------
/opt/airflow/dags/dag_project_1.py                           1           0  0.14s           2024-04-12T10:45:06
================================================================================
[2024-04-12T10:45:56.333+0000] {manager.py:878} INFO - 
================================================================================
DAG File Processing Stats

File Path                           PID    Runtime      # DAGs    # Errors  Last Runtime    Last Run
----------------------------------  -----  ---------  --------  ----------  --------------  -------------------
/opt/airflow/dags/dag_project_1.py                           1           0  0.17s           2024-04-12T10:45:55
================================================================================
[2024-04-12T10:46:26.764+0000] {manager.py:878} INFO - 
================================================================================
DAG File Processing Stats

File Path                           PID    Runtime      # DAGs    # Errors  Last Runtime    Last Run
----------------------------------  -----  ---------  --------  ----------  --------------  -------------------
/opt/airflow/dags/dag_project_1.py                           1           0  0.17s           2024-04-12T10:46:25
================================================================================
[2024-04-12T10:46:57.218+0000] {manager.py:878} INFO - 
================================================================================
DAG File Processing Stats

File Path                           PID    Runtime      # DAGs    # Errors  Last Runtime    Last Run
----------------------------------  -----  ---------  --------  ----------  --------------  -------------------
/opt/airflow/dags/dag_project_1.py                           1           0  0.50s           2024-04-12T10:46:29
================================================================================
[2024-04-12T10:47:27.344+0000] {manager.py:878} INFO - 
================================================================================
DAG File Processing Stats

File Path                           PID    Runtime      # DAGs    # Errors  Last Runtime    Last Run
----------------------------------  -----  ---------  --------  ----------  --------------  -------------------
/opt/airflow/dags/dag_project_1.py                           1           0  0.35s           2024-04-12T10:47:18
================================================================================
[2024-04-12T10:47:57.694+0000] {manager.py:878} INFO - 
================================================================================
DAG File Processing Stats

File Path                           PID    Runtime      # DAGs    # Errors  Last Runtime    Last Run
----------------------------------  -----  ---------  --------  ----------  --------------  -------------------
/opt/airflow/dags/dag_project_1.py                           1           0  0.19s           2024-04-12T10:47:48
================================================================================
[2024-04-12T10:48:28.088+0000] {manager.py:878} INFO - 
================================================================================
DAG File Processing Stats

File Path                           PID    Runtime      # DAGs    # Errors  Last Runtime    Last Run
----------------------------------  -----  ---------  --------  ----------  --------------  -------------------
/opt/airflow/dags/dag_project_1.py                           1           0  0.15s           2024-04-12T10:48:19
================================================================================
[2024-04-12T10:48:58.592+0000] {manager.py:878} INFO - 
================================================================================
DAG File Processing Stats

File Path                           PID    Runtime      # DAGs    # Errors  Last Runtime    Last Run
----------------------------------  -----  ---------  --------  ----------  --------------  -------------------
/opt/airflow/dags/dag_project_1.py                           1           0  0.50s           2024-04-12T10:48:43
================================================================================
[2024-04-12T10:49:28.703+0000] {manager.py:878} INFO - 
================================================================================
DAG File Processing Stats

File Path                           PID    Runtime      # DAGs    # Errors  Last Runtime    Last Run
----------------------------------  -----  ---------  --------  ----------  --------------  -------------------
/opt/airflow/dags/dag_project_1.py                           1           0  0.23s           2024-04-12T10:49:14
================================================================================
[2024-04-12T10:49:36.460+0000] {manager.py:737} INFO - Searching for files in /opt/airflow/dags
[2024-04-12T10:49:36.548+0000] {manager.py:740} INFO - There are 1 files in /opt/airflow/dags
[2024-04-12T10:49:58.828+0000] {manager.py:878} INFO - 
================================================================================
DAG File Processing Stats

File Path                           PID    Runtime      # DAGs    # Errors  Last Runtime    Last Run
----------------------------------  -----  ---------  --------  ----------  --------------  -------------------
/opt/airflow/dags/dag_project_1.py                           1           0  0.56s           2024-04-12T10:49:45
================================================================================
[2024-04-12T10:50:29.332+0000] {manager.py:878} INFO - 
================================================================================
DAG File Processing Stats

File Path                           PID    Runtime      # DAGs    # Errors  Last Runtime    Last Run
----------------------------------  -----  ---------  --------  ----------  --------------  -------------------
/opt/airflow/dags/dag_project_1.py                           1           0  0.72s           2024-04-12T10:50:16
================================================================================
[2024-04-12T10:51:00.073+0000] {manager.py:878} INFO - 
================================================================================
DAG File Processing Stats

File Path                           PID    Runtime      # DAGs    # Errors  Last Runtime    Last Run
----------------------------------  -----  ---------  --------  ----------  --------------  -------------------
/opt/airflow/dags/dag_project_1.py                           1           0  0.17s           2024-04-12T10:50:46
================================================================================
[2024-04-12T10:51:30.848+0000] {manager.py:878} INFO - 
================================================================================
DAG File Processing Stats

File Path                           PID    Runtime      # DAGs    # Errors  Last Runtime    Last Run
----------------------------------  -----  ---------  --------  ----------  --------------  -------------------
/opt/airflow/dags/dag_project_1.py                           1           0  0.13s           2024-04-12T10:51:17
================================================================================
[2024-04-12T10:52:01.644+0000] {manager.py:878} INFO - 
================================================================================
DAG File Processing Stats

File Path                           PID    Runtime      # DAGs    # Errors  Last Runtime    Last Run
----------------------------------  -----  ---------  --------  ----------  --------------  -------------------
/opt/airflow/dags/dag_project_1.py                           1           0  0.26s           2024-04-12T10:51:38
================================================================================
[2024-04-12T10:52:32.222+0000] {manager.py:878} INFO - 
================================================================================
DAG File Processing Stats

File Path                           PID    Runtime      # DAGs    # Errors  Last Runtime    Last Run
----------------------------------  -----  ---------  --------  ----------  --------------  -------------------
/opt/airflow/dags/dag_project_1.py                           1           0  0.18s           2024-04-12T10:52:08
================================================================================
[2024-04-12T10:53:02.316+0000] {manager.py:878} INFO - 
================================================================================
DAG File Processing Stats

File Path                           PID    Runtime      # DAGs    # Errors  Last Runtime    Last Run
----------------------------------  -----  ---------  --------  ----------  --------------  -------------------
/opt/airflow/dags/dag_project_1.py                           1           0  0.32s           2024-04-12T10:52:39
================================================================================
[2024-04-12T10:53:32.860+0000] {manager.py:878} INFO - 
================================================================================
DAG File Processing Stats

File Path                           PID    Runtime      # DAGs    # Errors  Last Runtime    Last Run
----------------------------------  -----  ---------  --------  ----------  --------------  -------------------
/opt/airflow/dags/dag_project_1.py                           1           0  0.48s           2024-04-12T10:53:10
================================================================================
[2024-04-12T10:54:02.902+0000] {manager.py:878} INFO - 
================================================================================
DAG File Processing Stats

File Path                           PID    Runtime      # DAGs    # Errors  Last Runtime    Last Run
----------------------------------  -----  ---------  --------  ----------  --------------  -------------------
/opt/airflow/dags/dag_project_1.py                           1           0  0.49s           2024-04-12T10:53:41
================================================================================
[2024-04-12T10:54:33.445+0000] {manager.py:878} INFO - 
================================================================================
DAG File Processing Stats

File Path                           PID    Runtime      # DAGs    # Errors  Last Runtime    Last Run
----------------------------------  -----  ---------  --------  ----------  --------------  -------------------
/opt/airflow/dags/dag_project_1.py                           1           0  0.35s           2024-04-12T10:54:12
================================================================================
[2024-04-12T10:54:36.488+0000] {manager.py:737} INFO - Searching for files in /opt/airflow/dags
[2024-04-12T10:54:36.574+0000] {manager.py:740} INFO - There are 1 files in /opt/airflow/dags
[2024-04-12T10:55:03.676+0000] {manager.py:878} INFO - 
================================================================================
DAG File Processing Stats

File Path                           PID    Runtime      # DAGs    # Errors  Last Runtime    Last Run
----------------------------------  -----  ---------  --------  ----------  --------------  -------------------
/opt/airflow/dags/dag_project_1.py                           1           0  0.54s           2024-04-12T10:54:43
================================================================================
[2024-04-12T10:55:34.074+0000] {manager.py:878} INFO - 
================================================================================
DAG File Processing Stats

File Path                           PID    Runtime      # DAGs    # Errors  Last Runtime    Last Run
----------------------------------  -----  ---------  --------  ----------  --------------  -------------------
/opt/airflow/dags/dag_project_1.py                           1           0  0.27s           2024-04-12T10:55:13
================================================================================
[2024-04-12T10:56:04.660+0000] {manager.py:878} INFO - 
================================================================================
DAG File Processing Stats

File Path                           PID    Runtime      # DAGs    # Errors  Last Runtime    Last Run
----------------------------------  -----  ---------  --------  ----------  --------------  -------------------
/opt/airflow/dags/dag_project_1.py                           1           0  0.23s           2024-04-12T10:55:44
================================================================================
[2024-04-12T11:20:13.209+0000] {manager.py:737} INFO - Searching for files in /opt/airflow/dags
[2024-04-12T11:20:13.256+0000] {manager.py:740} INFO - There are 1 files in /opt/airflow/dags
[2024-04-12T11:20:24.334+0000] {manager.py:878} INFO - 
================================================================================
DAG File Processing Stats

File Path                           PID    Runtime      # DAGs    # Errors  Last Runtime    Last Run
----------------------------------  -----  ---------  --------  ----------  --------------  -------------------
/opt/airflow/dags/dag_project_1.py                           1           0  0.17s           2024-04-12T11:20:13
================================================================================
[2024-04-12T11:20:54.590+0000] {manager.py:878} INFO - 
================================================================================
DAG File Processing Stats

File Path                           PID    Runtime      # DAGs    # Errors  Last Runtime    Last Run
----------------------------------  -----  ---------  --------  ----------  --------------  -------------------
/opt/airflow/dags/dag_project_1.py                           1           0  0.21s           2024-04-12T11:20:43
================================================================================
[2024-04-12T11:21:24.956+0000] {manager.py:878} INFO - 
================================================================================
DAG File Processing Stats

File Path                           PID    Runtime      # DAGs    # Errors  Last Runtime    Last Run
----------------------------------  -----  ---------  --------  ----------  --------------  -------------------
/opt/airflow/dags/dag_project_1.py                           1           0  0.19s           2024-04-12T11:21:13
================================================================================
[2024-04-12T11:21:55.179+0000] {manager.py:878} INFO - 
================================================================================
DAG File Processing Stats

File Path                           PID    Runtime      # DAGs    # Errors  Last Runtime    Last Run
----------------------------------  -----  ---------  --------  ----------  --------------  -------------------
/opt/airflow/dags/dag_project_1.py                           1           0  0.18s           2024-04-12T11:21:44
================================================================================
[2024-04-12T11:22:25.521+0000] {manager.py:878} INFO - 
================================================================================
DAG File Processing Stats

File Path                           PID    Runtime      # DAGs    # Errors  Last Runtime    Last Run
----------------------------------  -----  ---------  --------  ----------  --------------  -------------------
/opt/airflow/dags/dag_project_1.py                           1           0  0.18s           2024-04-12T11:22:14
================================================================================
[2024-04-12T11:22:55.732+0000] {manager.py:878} INFO - 
================================================================================
DAG File Processing Stats

File Path                           PID    Runtime      # DAGs    # Errors  Last Runtime    Last Run
----------------------------------  -----  ---------  --------  ----------  --------------  -------------------
/opt/airflow/dags/dag_project_1.py                           1           0  0.13s           2024-04-12T11:22:44
================================================================================
[2024-04-12T11:23:26.133+0000] {manager.py:878} INFO - 
================================================================================
DAG File Processing Stats

File Path                           PID    Runtime      # DAGs    # Errors  Last Runtime    Last Run
----------------------------------  -----  ---------  --------  ----------  --------------  -------------------
/opt/airflow/dags/dag_project_1.py                           1           0  0.13s           2024-04-12T11:23:14
================================================================================
[2024-04-12T11:23:56.356+0000] {manager.py:878} INFO - 
================================================================================
DAG File Processing Stats

File Path                           PID    Runtime      # DAGs    # Errors  Last Runtime    Last Run
----------------------------------  -----  ---------  --------  ----------  --------------  -------------------
/opt/airflow/dags/dag_project_1.py                           1           0  0.16s           2024-04-12T11:23:45
================================================================================
[2024-04-12T11:24:26.554+0000] {manager.py:878} INFO - 
================================================================================
DAG File Processing Stats

File Path                           PID    Runtime      # DAGs    # Errors  Last Runtime    Last Run
----------------------------------  -----  ---------  --------  ----------  --------------  -------------------
/opt/airflow/dags/dag_project_1.py                           1           0  0.13s           2024-04-12T11:24:15
================================================================================
[2024-04-12T11:24:56.825+0000] {manager.py:878} INFO - 
================================================================================
DAG File Processing Stats

File Path                           PID    Runtime      # DAGs    # Errors  Last Runtime    Last Run
----------------------------------  -----  ---------  --------  ----------  --------------  -------------------
/opt/airflow/dags/dag_project_1.py                           1           0  0.12s           2024-04-12T11:24:45
================================================================================
[2024-04-12T11:25:13.963+0000] {manager.py:737} INFO - Searching for files in /opt/airflow/dags
[2024-04-12T11:25:14.035+0000] {manager.py:740} INFO - There are 1 files in /opt/airflow/dags
[2024-04-12T11:25:27.314+0000] {manager.py:878} INFO - 
================================================================================
DAG File Processing Stats

File Path                           PID    Runtime      # DAGs    # Errors  Last Runtime    Last Run
----------------------------------  -----  ---------  --------  ----------  --------------  -------------------
/opt/airflow/dags/dag_project_1.py                           1           0  0.16s           2024-04-12T11:25:16
================================================================================
[2024-04-12T11:25:57.532+0000] {manager.py:878} INFO - 
================================================================================
DAG File Processing Stats

File Path                           PID    Runtime      # DAGs    # Errors  Last Runtime    Last Run
----------------------------------  -----  ---------  --------  ----------  --------------  -------------------
/opt/airflow/dags/dag_project_1.py                           1           0  0.14s           2024-04-12T11:25:46
================================================================================
[2024-04-12T11:26:27.858+0000] {manager.py:878} INFO - 
================================================================================
DAG File Processing Stats

File Path                           PID    Runtime      # DAGs    # Errors  Last Runtime    Last Run
----------------------------------  -----  ---------  --------  ----------  --------------  -------------------
/opt/airflow/dags/dag_project_1.py                           1           0  0.15s           2024-04-12T11:26:16
================================================================================
[2024-04-12T11:26:58.070+0000] {manager.py:878} INFO - 
================================================================================
DAG File Processing Stats

File Path                           PID    Runtime      # DAGs    # Errors  Last Runtime    Last Run
----------------------------------  -----  ---------  --------  ----------  --------------  -------------------
/opt/airflow/dags/dag_project_1.py                           1           0  0.15s           2024-04-12T11:26:47
================================================================================
[2024-04-12T11:27:28.425+0000] {manager.py:878} INFO - 
================================================================================
DAG File Processing Stats

File Path                           PID    Runtime      # DAGs    # Errors  Last Runtime    Last Run
----------------------------------  -----  ---------  --------  ----------  --------------  -------------------
/opt/airflow/dags/dag_project_1.py                           1           0  0.23s           2024-04-12T11:27:17
================================================================================
[2024-04-12T11:27:59.193+0000] {manager.py:878} INFO - 
================================================================================
DAG File Processing Stats

File Path                           PID    Runtime      # DAGs    # Errors  Last Runtime    Last Run
----------------------------------  -----  ---------  --------  ----------  --------------  -------------------
/opt/airflow/dags/dag_project_1.py                           1           0  0.34s           2024-04-12T11:27:47
================================================================================
[2024-04-12T11:28:29.419+0000] {manager.py:878} INFO - 
================================================================================
DAG File Processing Stats

File Path                           PID    Runtime      # DAGs    # Errors  Last Runtime    Last Run
----------------------------------  -----  ---------  --------  ----------  --------------  -------------------
/opt/airflow/dags/dag_project_1.py                           1           0  0.15s           2024-04-12T11:28:18
================================================================================
[2024-04-12T11:28:59.732+0000] {manager.py:878} INFO - 
================================================================================
DAG File Processing Stats

File Path                           PID    Runtime      # DAGs    # Errors  Last Runtime    Last Run
----------------------------------  -----  ---------  --------  ----------  --------------  -------------------
/opt/airflow/dags/dag_project_1.py                           1           0  0.13s           2024-04-12T11:28:48
================================================================================
[2024-04-12T11:29:29.982+0000] {manager.py:878} INFO - 
================================================================================
DAG File Processing Stats

File Path                           PID    Runtime      # DAGs    # Errors  Last Runtime    Last Run
----------------------------------  -----  ---------  --------  ----------  --------------  -------------------
/opt/airflow/dags/dag_project_1.py                           1           0  0.15s           2024-04-12T11:29:19
================================================================================
[2024-04-12T11:30:00.300+0000] {manager.py:878} INFO - 
================================================================================
DAG File Processing Stats

File Path                           PID    Runtime      # DAGs    # Errors  Last Runtime    Last Run
----------------------------------  -----  ---------  --------  ----------  --------------  -------------------
/opt/airflow/dags/dag_project_1.py                           1           0  0.13s           2024-04-12T11:29:49
================================================================================
[2024-04-12T11:30:14.407+0000] {manager.py:737} INFO - Searching for files in /opt/airflow/dags
[2024-04-12T11:30:14.618+0000] {manager.py:740} INFO - There are 1 files in /opt/airflow/dags
[2024-04-12T11:30:30.858+0000] {manager.py:878} INFO - 
================================================================================
DAG File Processing Stats

File Path                           PID    Runtime      # DAGs    # Errors  Last Runtime    Last Run
----------------------------------  -----  ---------  --------  ----------  --------------  -------------------
/opt/airflow/dags/dag_project_1.py                           1           0  0.13s           2024-04-12T11:30:19
================================================================================
[2024-04-12T11:31:01.163+0000] {manager.py:878} INFO - 
================================================================================
DAG File Processing Stats

File Path                           PID    Runtime      # DAGs    # Errors  Last Runtime    Last Run
----------------------------------  -----  ---------  --------  ----------  --------------  -------------------
/opt/airflow/dags/dag_project_1.py                           1           0  0.13s           2024-04-12T11:30:50
================================================================================
[2024-04-12T11:31:31.385+0000] {manager.py:878} INFO - 
================================================================================
DAG File Processing Stats

File Path                           PID    Runtime      # DAGs    # Errors  Last Runtime    Last Run
----------------------------------  -----  ---------  --------  ----------  --------------  -------------------
/opt/airflow/dags/dag_project_1.py                           1           0  0.14s           2024-04-12T11:31:20
================================================================================
[2024-04-12T11:32:01.697+0000] {manager.py:878} INFO - 
================================================================================
DAG File Processing Stats

File Path                           PID    Runtime      # DAGs    # Errors  Last Runtime    Last Run
----------------------------------  -----  ---------  --------  ----------  --------------  -------------------
/opt/airflow/dags/dag_project_1.py                           1           0  0.15s           2024-04-12T11:31:50
================================================================================
[2024-04-12T11:32:31.940+0000] {manager.py:878} INFO - 
================================================================================
DAG File Processing Stats

File Path                           PID    Runtime      # DAGs    # Errors  Last Runtime    Last Run
----------------------------------  -----  ---------  --------  ----------  --------------  -------------------
/opt/airflow/dags/dag_project_1.py                           1           0  0.12s           2024-04-12T11:32:20
================================================================================
[2024-04-12T11:33:02.186+0000] {manager.py:878} INFO - 
================================================================================
DAG File Processing Stats

File Path                           PID    Runtime      # DAGs    # Errors  Last Runtime    Last Run
----------------------------------  -----  ---------  --------  ----------  --------------  -------------------
/opt/airflow/dags/dag_project_1.py                           1           0  0.15s           2024-04-12T11:32:51
================================================================================
[2024-04-12T11:33:32.403+0000] {manager.py:878} INFO - 
================================================================================
DAG File Processing Stats

File Path                           PID    Runtime      # DAGs    # Errors  Last Runtime    Last Run
----------------------------------  -----  ---------  --------  ----------  --------------  -------------------
/opt/airflow/dags/dag_project_1.py                           1           0  0.13s           2024-04-12T11:33:21
================================================================================
[2024-04-12T11:34:02.703+0000] {manager.py:878} INFO - 
================================================================================
DAG File Processing Stats

File Path                           PID    Runtime      # DAGs    # Errors  Last Runtime    Last Run
----------------------------------  -----  ---------  --------  ----------  --------------  -------------------
/opt/airflow/dags/dag_project_1.py                           1           0  0.14s           2024-04-12T11:33:51
================================================================================
[2024-04-12T11:34:33.007+0000] {manager.py:878} INFO - 
================================================================================
DAG File Processing Stats

File Path                           PID    Runtime      # DAGs    # Errors  Last Runtime    Last Run
----------------------------------  -----  ---------  --------  ----------  --------------  -------------------
/opt/airflow/dags/dag_project_1.py                           1           0  0.16s           2024-04-12T11:34:22
================================================================================
[2024-04-12T11:35:03.225+0000] {manager.py:878} INFO - 
================================================================================
DAG File Processing Stats

File Path                           PID    Runtime      # DAGs    # Errors  Last Runtime    Last Run
----------------------------------  -----  ---------  --------  ----------  --------------  -------------------
/opt/airflow/dags/dag_project_1.py                           1           0  0.15s           2024-04-12T11:34:52
================================================================================
[2024-04-12T11:35:14.436+0000] {manager.py:737} INFO - Searching for files in /opt/airflow/dags
[2024-04-12T11:35:14.480+0000] {manager.py:740} INFO - There are 1 files in /opt/airflow/dags
[2024-04-12T11:35:33.650+0000] {manager.py:878} INFO - 
================================================================================
DAG File Processing Stats

File Path                           PID    Runtime      # DAGs    # Errors  Last Runtime    Last Run
----------------------------------  -----  ---------  --------  ----------  --------------  -------------------
/opt/airflow/dags/dag_project_1.py                           1           0  0.25s           2024-04-12T11:35:22
================================================================================
[2024-04-12T11:36:03.957+0000] {manager.py:878} INFO - 
================================================================================
DAG File Processing Stats

File Path                           PID    Runtime      # DAGs    # Errors  Last Runtime    Last Run
----------------------------------  -----  ---------  --------  ----------  --------------  -------------------
/opt/airflow/dags/dag_project_1.py                           1           0  0.17s           2024-04-12T11:35:52
================================================================================
[2024-04-12T11:36:34.359+0000] {manager.py:878} INFO - 
================================================================================
DAG File Processing Stats

File Path                           PID    Runtime      # DAGs    # Errors  Last Runtime    Last Run
----------------------------------  -----  ---------  --------  ----------  --------------  -------------------
/opt/airflow/dags/dag_project_1.py                           1           0  0.38s           2024-04-12T11:36:26
================================================================================
[2024-04-12T11:37:04.973+0000] {manager.py:878} INFO - 
================================================================================
DAG File Processing Stats

File Path                           PID    Runtime      # DAGs    # Errors  Last Runtime    Last Run
----------------------------------  -----  ---------  --------  ----------  --------------  -------------------
/opt/airflow/dags/dag_project_1.py                           1           0  0.16s           2024-04-12T11:36:57
================================================================================
[2024-04-12T11:37:35.468+0000] {manager.py:878} INFO - 
================================================================================
DAG File Processing Stats

File Path                           PID    Runtime      # DAGs    # Errors  Last Runtime    Last Run
----------------------------------  -----  ---------  --------  ----------  --------------  -------------------
/opt/airflow/dags/dag_project_1.py                           1           0  0.15s           2024-04-12T11:37:27
================================================================================
[2024-04-12T11:38:05.865+0000] {manager.py:878} INFO - 
================================================================================
DAG File Processing Stats

File Path                           PID    Runtime      # DAGs    # Errors  Last Runtime    Last Run
----------------------------------  -----  ---------  --------  ----------  --------------  -------------------
/opt/airflow/dags/dag_project_1.py                           1           0  0.18s           2024-04-12T11:38:02
================================================================================
[2024-04-12T11:38:36.576+0000] {manager.py:878} INFO - 
================================================================================
DAG File Processing Stats

File Path                           PID    Runtime      # DAGs    # Errors  Last Runtime    Last Run
----------------------------------  -----  ---------  --------  ----------  --------------  -------------------
/opt/airflow/dags/dag_project_1.py                           1           0  0.32s           2024-04-12T11:38:12
================================================================================
[2024-04-12T11:39:07.184+0000] {manager.py:878} INFO - 
================================================================================
DAG File Processing Stats

File Path                           PID    Runtime      # DAGs    # Errors  Last Runtime    Last Run
----------------------------------  -----  ---------  --------  ----------  --------------  -------------------
/opt/airflow/dags/dag_project_1.py                           1           0  0.17s           2024-04-12T11:38:43
================================================================================
[2024-04-12T11:39:37.629+0000] {manager.py:878} INFO - 
================================================================================
DAG File Processing Stats

File Path                           PID    Runtime      # DAGs    # Errors  Last Runtime    Last Run
----------------------------------  -----  ---------  --------  ----------  --------------  -------------------
/opt/airflow/dags/dag_project_1.py                           1           0  0.16s           2024-04-12T11:39:13
================================================================================
[2024-04-12T11:40:08.198+0000] {manager.py:878} INFO - 
================================================================================
DAG File Processing Stats

File Path                           PID    Runtime      # DAGs    # Errors  Last Runtime    Last Run
----------------------------------  -----  ---------  --------  ----------  --------------  -------------------
/opt/airflow/dags/dag_project_1.py                           1           0  0.16s           2024-04-12T11:39:43
================================================================================
[2024-04-12T11:40:14.534+0000] {manager.py:737} INFO - Searching for files in /opt/airflow/dags
[2024-04-12T11:40:14.573+0000] {manager.py:740} INFO - There are 1 files in /opt/airflow/dags
[2024-04-12T11:40:38.474+0000] {manager.py:878} INFO - 
================================================================================
DAG File Processing Stats

File Path                           PID    Runtime      # DAGs    # Errors  Last Runtime    Last Run
----------------------------------  -----  ---------  --------  ----------  --------------  -------------------
/opt/airflow/dags/dag_project_1.py                           1           0  0.28s           2024-04-12T11:40:14
================================================================================
[2024-04-12T11:41:09.019+0000] {manager.py:878} INFO - 
================================================================================
DAG File Processing Stats

File Path                           PID    Runtime      # DAGs    # Errors  Last Runtime    Last Run
----------------------------------  -----  ---------  --------  ----------  --------------  -------------------
/opt/airflow/dags/dag_project_1.py                           1           0  0.16s           2024-04-12T11:40:44
================================================================================
[2024-04-12T11:41:39.466+0000] {manager.py:878} INFO - 
================================================================================
DAG File Processing Stats

File Path                             PID  Runtime      # DAGs    # Errors  Last Runtime    Last Run
----------------------------------  -----  ---------  --------  ----------  --------------  -------------------
/opt/airflow/dags/dag_project_1.py   1967  0.00s             1           0  0.17s           2024-04-12T11:41:34
================================================================================
[2024-04-12T11:42:09.867+0000] {manager.py:878} INFO - 
================================================================================
DAG File Processing Stats

File Path                             PID  Runtime      # DAGs    # Errors  Last Runtime    Last Run
----------------------------------  -----  ---------  --------  ----------  --------------  -------------------
/opt/airflow/dags/dag_project_1.py   2026  0.00s             1           0  0.31s           2024-04-12T11:41:39
================================================================================
[2024-04-12T11:42:40.163+0000] {manager.py:878} INFO - 
================================================================================
DAG File Processing Stats

File Path                             PID  Runtime      # DAGs    # Errors  Last Runtime    Last Run
----------------------------------  -----  ---------  --------  ----------  --------------  -------------------
/opt/airflow/dags/dag_project_1.py   2037  0.00s             1           0  0.16s           2024-04-12T11:42:10
================================================================================
[2024-04-12T11:43:10.490+0000] {manager.py:878} INFO - 
================================================================================
DAG File Processing Stats

File Path                             PID  Runtime      # DAGs    # Errors  Last Runtime    Last Run
----------------------------------  -----  ---------  --------  ----------  --------------  -------------------
/opt/airflow/dags/dag_project_1.py   2048  0.00s             1           0  0.17s           2024-04-12T11:42:40
================================================================================
[2024-04-12T11:43:40.782+0000] {manager.py:878} INFO - 
================================================================================
DAG File Processing Stats

File Path                             PID  Runtime      # DAGs    # Errors  Last Runtime    Last Run
----------------------------------  -----  ---------  --------  ----------  --------------  -------------------
/opt/airflow/dags/dag_project_1.py   2059  0.00s             1           0  0.16s           2024-04-12T11:43:10
================================================================================
[2024-04-12T11:44:11.143+0000] {manager.py:878} INFO - 
================================================================================
DAG File Processing Stats

File Path                             PID  Runtime      # DAGs    # Errors  Last Runtime    Last Run
----------------------------------  -----  ---------  --------  ----------  --------------  -------------------
/opt/airflow/dags/dag_project_1.py   2070  0.00s             1           0  0.16s           2024-04-12T11:43:40
================================================================================
[2024-04-12T11:44:41.397+0000] {manager.py:878} INFO - 
================================================================================
DAG File Processing Stats

File Path                             PID  Runtime      # DAGs    # Errors  Last Runtime    Last Run
----------------------------------  -----  ---------  --------  ----------  --------------  -------------------
/opt/airflow/dags/dag_project_1.py   2081  0.00s             1           0  0.13s           2024-04-12T11:44:11
================================================================================
[2024-04-12T11:44:46.710+0000] {manager.py:452} INFO - Exiting gracefully upon receiving signal 15
