[2024-04-12T10:44:21.923+0000] {local_task_job_runner.py:120} INFO - ::group::Pre task execution logs
[2024-04-12T10:44:21.939+0000] {taskinstance.py:2073} INFO - Dependencies all met for dep_context=non-requeueable deps ti=<TaskInstance: dag_project_01.postgres_to_s3 scheduled__2024-04-09T00:00:00+00:00 [queued]>
[2024-04-12T10:44:21.947+0000] {taskinstance.py:2073} INFO - Dependencies all met for dep_context=requeueable deps ti=<TaskInstance: dag_project_01.postgres_to_s3 scheduled__2024-04-09T00:00:00+00:00 [queued]>
[2024-04-12T10:44:21.948+0000] {taskinstance.py:2303} INFO - Starting attempt 1 of 6
[2024-04-12T10:44:21.963+0000] {taskinstance.py:2327} INFO - Executing <Task(PythonOperator): postgres_to_s3> on 2024-04-09 00:00:00+00:00
[2024-04-12T10:44:21.969+0000] {standard_task_runner.py:90} INFO - Running: ['airflow', 'tasks', 'run', 'dag_project_01', 'postgres_to_s3', 'scheduled__2024-04-09T00:00:00+00:00', '--job-id', '129', '--raw', '--subdir', 'DAGS_FOLDER/dag_project_1.py', '--cfg-path', '/tmp/tmpxdmy6fj0']
[2024-04-12T10:44:21.971+0000] {standard_task_runner.py:91} INFO - Job 129: Subtask postgres_to_s3
[2024-04-12T10:44:21.972+0000] {logging_mixin.py:188} WARNING - /home/airflow/.local/lib/python3.12/site-packages/airflow/task/task_runner/standard_task_runner.py:61 DeprecationWarning: This process (pid=1040) is multi-threaded, use of fork() may lead to deadlocks in the child.
[2024-04-12T10:44:21.972+0000] {standard_task_runner.py:63} INFO - Started process 1045 to run task
[2024-04-12T10:44:22.015+0000] {task_command.py:426} INFO - Running <TaskInstance: dag_project_01.postgres_to_s3 scheduled__2024-04-09T00:00:00+00:00 [running]> on host c2a9f453f2e0
[2024-04-12T10:44:22.086+0000] {taskinstance.py:2644} INFO - Exporting env vars: AIRFLOW_CTX_DAG_OWNER='coder2j' AIRFLOW_CTX_DAG_ID='dag_project_01' AIRFLOW_CTX_TASK_ID='postgres_to_s3' AIRFLOW_CTX_EXECUTION_DATE='2024-04-09T00:00:00+00:00' AIRFLOW_CTX_TRY_NUMBER='1' AIRFLOW_CTX_DAG_RUN_ID='scheduled__2024-04-09T00:00:00+00:00'
[2024-04-12T10:44:22.086+0000] {taskinstance.py:430} INFO - ::endgroup::
[2024-04-12T10:44:22.100+0000] {logging_mixin.py:188} WARNING - /home/airflow/.local/lib/python3.12/site-packages/airflow/utils/context.py:212 AirflowContextDeprecationWarning: Accessing 'next_ds_nodash' from the template is deprecated and will be removed in a future version. Please use '{{ data_interval_end | ds_nodash }}' instead.
[2024-04-12T10:44:22.109+0000] {base.py:84} INFO - Using connection ID 'postgres_conn' for task execution.
[2024-04-12T10:44:22.130+0000] {taskinstance.py:441} INFO - ::group::Post task execution logs
[2024-04-12T10:44:22.131+0000] {taskinstance.py:2890} ERROR - Task failed with exception
Traceback (most recent call last):
  File "/home/airflow/.local/lib/python3.12/site-packages/airflow/models/taskinstance.py", line 465, in _execute_task
    result = _execute_callable(context=context, **execute_callable_kwargs)
             ^^^^^^^^^^^^^^^^^^^^^^^^^^^^^^^^^^^^^^^^^^^^^^^^^^^^^^^^^^^^^
  File "/home/airflow/.local/lib/python3.12/site-packages/airflow/models/taskinstance.py", line 432, in _execute_callable
    return execute_callable(context=context, **execute_callable_kwargs)
           ^^^^^^^^^^^^^^^^^^^^^^^^^^^^^^^^^^^^^^^^^^^^^^^^^^^^^^^^^^^^
  File "/home/airflow/.local/lib/python3.12/site-packages/airflow/models/baseoperator.py", line 400, in wrapper
    return func(self, *args, **kwargs)
           ^^^^^^^^^^^^^^^^^^^^^^^^^^^
  File "/home/airflow/.local/lib/python3.12/site-packages/airflow/operators/python.py", line 235, in execute
    return_value = self.execute_callable()
                   ^^^^^^^^^^^^^^^^^^^^^^^
  File "/home/airflow/.local/lib/python3.12/site-packages/airflow/operators/python.py", line 252, in execute_callable
    return self.python_callable(*self.op_args, **self.op_kwargs)
           ^^^^^^^^^^^^^^^^^^^^^^^^^^^^^^^^^^^^^^^^^^^^^^^^^^^^^
  File "/opt/airflow/dags/dag_project_1.py", line 24, in postgres_to_s3
    cursor.execute("select * from NewbornBaby where date >= %s and date < %s",
psycopg2.errors.UndefinedColumn: column "date" does not exist
LINE 1: select * from NewbornBaby where date >= '20240409' and date ...
                                        ^
HINT:  Perhaps you meant to reference the column "newbornbaby.name".

[2024-04-12T10:44:22.145+0000] {taskinstance.py:1205} INFO - Marking task as UP_FOR_RETRY. dag_id=dag_project_01, task_id=postgres_to_s3, execution_date=20240409T000000, start_date=20240412T104421, end_date=20240412T104422
[2024-04-12T10:44:22.155+0000] {standard_task_runner.py:110} ERROR - Failed to execute job 129 for task postgres_to_s3 (column "date" does not exist
LINE 1: select * from NewbornBaby where date >= '20240409' and date ...
                                        ^
HINT:  Perhaps you meant to reference the column "newbornbaby.name".
; 1045)
[2024-04-12T10:44:22.187+0000] {local_task_job_runner.py:240} INFO - Task exited with return code 1
[2024-04-12T10:44:22.200+0000] {taskinstance.py:3482} INFO - 0 downstream tasks scheduled from follow-on schedule check
[2024-04-12T10:44:22.203+0000] {local_task_job_runner.py:222} INFO - ::endgroup::
