[2024-04-12T11:38:33.820+0000] {local_task_job_runner.py:120} INFO - ::group::Pre task execution logs
[2024-04-12T11:38:33.853+0000] {taskinstance.py:2073} INFO - Dependencies all met for dep_context=non-requeueable deps ti=<TaskInstance: dag_project_v2.postgres_to_s3 scheduled__2024-04-08T00:00:00+00:00 [queued]>
[2024-04-12T11:38:33.869+0000] {taskinstance.py:2073} INFO - Dependencies all met for dep_context=requeueable deps ti=<TaskInstance: dag_project_v2.postgres_to_s3 scheduled__2024-04-08T00:00:00+00:00 [queued]>
[2024-04-12T11:38:33.870+0000] {taskinstance.py:2303} INFO - Starting attempt 1 of 6
[2024-04-12T11:38:33.918+0000] {taskinstance.py:2327} INFO - Executing <Task(PythonOperator): postgres_to_s3> on 2024-04-08 00:00:00+00:00
[2024-04-12T11:38:33.928+0000] {logging_mixin.py:188} WARNING - /home/airflow/.local/lib/python3.12/site-packages/airflow/task/task_runner/standard_task_runner.py:61 DeprecationWarning: This process (pid=1856) is multi-threaded, use of fork() may lead to deadlocks in the child.
[2024-04-12T11:38:33.927+0000] {standard_task_runner.py:90} INFO - Running: ['airflow', 'tasks', 'run', 'dag_project_v2', 'postgres_to_s3', 'scheduled__2024-04-08T00:00:00+00:00', '--job-id', '179', '--raw', '--subdir', 'DAGS_FOLDER/dag_project_1.py', '--cfg-path', '/tmp/tmp9kakj0ol']
[2024-04-12T11:38:33.930+0000] {standard_task_runner.py:63} INFO - Started process 1868 to run task
[2024-04-12T11:38:33.930+0000] {standard_task_runner.py:91} INFO - Job 179: Subtask postgres_to_s3
[2024-04-12T11:38:34.021+0000] {task_command.py:426} INFO - Running <TaskInstance: dag_project_v2.postgres_to_s3 scheduled__2024-04-08T00:00:00+00:00 [running]> on host c2a9f453f2e0
[2024-04-12T11:38:34.207+0000] {taskinstance.py:2644} INFO - Exporting env vars: AIRFLOW_CTX_DAG_OWNER='coder2j' AIRFLOW_CTX_DAG_ID='dag_project_v2' AIRFLOW_CTX_TASK_ID='postgres_to_s3' AIRFLOW_CTX_EXECUTION_DATE='2024-04-08T00:00:00+00:00' AIRFLOW_CTX_TRY_NUMBER='1' AIRFLOW_CTX_DAG_RUN_ID='scheduled__2024-04-08T00:00:00+00:00'
[2024-04-12T11:38:34.212+0000] {taskinstance.py:430} INFO - ::endgroup::
[2024-04-12T11:38:34.250+0000] {logging_mixin.py:188} WARNING - /home/airflow/.local/lib/python3.12/site-packages/airflow/utils/context.py:212 AirflowContextDeprecationWarning: Accessing 'next_ds_nodash' from the template is deprecated and will be removed in a future version. Please use '{{ data_interval_end | ds_nodash }}' instead.
[2024-04-12T11:38:34.268+0000] {base.py:84} INFO - Using connection ID 'postgres_conn' for task execution.
[2024-04-12T11:38:34.310+0000] {dag_project_1.py:34} INFO - Saved new born baby data in text file: %s
[2024-04-12T11:38:34.326+0000] {base.py:84} INFO - Using connection ID 'minio_conn' for task execution.
[2024-04-12T11:38:34.328+0000] {connection_wrapper.py:384} INFO - AWS Connection (conn_id='minio_conn', conn_type='aws') credentials retrieved from login and password.
[2024-04-12T11:38:34.330+0000] {logging_mixin.py:188} WARNING - <string>:9 AirflowProviderDeprecationWarning: extra['host'] is deprecated and will be removed in a future release. Please set extra['endpoint_url'] instead
[2024-04-12T11:38:34.939+0000] {dag_project_1.py:43} INFO - New born baby file /tmp/tmpgpf_fltw20240408 has been pushed to S3!
[2024-04-12T11:38:34.940+0000] {python.py:237} INFO - Done. Returned value was: None
[2024-04-12T11:38:34.941+0000] {taskinstance.py:441} INFO - ::group::Post task execution logs
[2024-04-12T11:38:34.955+0000] {taskinstance.py:1205} INFO - Marking task as SUCCESS. dag_id=dag_project_v2, task_id=postgres_to_s3, execution_date=20240408T000000, start_date=20240412T113833, end_date=20240412T113834
[2024-04-12T11:38:34.989+0000] {local_task_job_runner.py:240} INFO - Task exited with return code 0
[2024-04-12T11:38:35.009+0000] {taskinstance.py:3482} INFO - 0 downstream tasks scheduled from follow-on schedule check
[2024-04-12T11:38:35.013+0000] {local_task_job_runner.py:222} INFO - ::endgroup::
